{"C:\\Users\\Ernst\\Documents\\Fullstack Open\\fullstack-open\\part5\\bloglist-frontend\\src\\App.jsx": {"path":"C:\\Users\\Ernst\\Documents\\Fullstack Open\\fullstack-open\\part5\\bloglist-frontend\\src\\App.jsx","statementMap":{"0":{"start":{"line":10,"column":12},"end":{"line":149,"column":1}},"1":{"start":{"line":11,"column":28},"end":{"line":11,"column":40}},"2":{"start":{"line":12,"column":32},"end":{"line":12,"column":46}},"3":{"start":{"line":13,"column":32},"end":{"line":13,"column":47}},"4":{"start":{"line":14,"column":26},"end":{"line":14,"column":40}},"5":{"start":{"line":16,"column":2},"end":{"line":18,"column":8}},"6":{"start":{"line":17,"column":4},"end":{"line":17,"column":24}},"7":{"start":{"line":20,"column":2},"end":{"line":27,"column":8}},"8":{"start":{"line":21,"column":27},"end":{"line":21,"column":68}},"9":{"start":{"line":22,"column":4},"end":{"line":26,"column":5}},"10":{"start":{"line":23,"column":19},"end":{"line":23,"column":45}},"11":{"start":{"line":24,"column":6},"end":{"line":24,"column":19}},"12":{"start":{"line":25,"column":6},"end":{"line":25,"column":38}},"13":{"start":{"line":29,"column":19},"end":{"line":33,"column":3}},"14":{"start":{"line":30,"column":4},"end":{"line":32,"column":5}},"15":{"start":{"line":31,"column":6},"end":{"line":31,"column":23}},"16":{"start":{"line":35,"column":19},"end":{"line":37,"column":3}},"17":{"start":{"line":36,"column":4},"end":{"line":36,"column":35}},"18":{"start":{"line":39,"column":29},"end":{"line":47,"column":3}},"19":{"start":{"line":40,"column":19},"end":{"line":40,"column":23}},"20":{"start":{"line":42,"column":4},"end":{"line":42,"column":23}},"21":{"start":{"line":43,"column":4},"end":{"line":43,"column":23}},"22":{"start":{"line":44,"column":4},"end":{"line":46,"column":14}},"23":{"start":{"line":45,"column":6},"end":{"line":45,"column":22}},"24":{"start":{"line":49,"column":22},"end":{"line":64,"column":3}},"25":{"start":{"line":50,"column":4},"end":{"line":63,"column":5}},"26":{"start":{"line":51,"column":19},"end":{"line":53,"column":8}},"27":{"start":{"line":54,"column":6},"end":{"line":56,"column":7}},"28":{"start":{"line":57,"column":6},"end":{"line":57,"column":38}},"29":{"start":{"line":59,"column":6},"end":{"line":59,"column":19}},"30":{"start":{"line":60,"column":6},"end":{"line":60,"column":16}},"31":{"start":{"line":62,"column":6},"end":{"line":62,"column":52}},"32":{"start":{"line":66,"column":20},"end":{"line":70,"column":3}},"33":{"start":{"line":67,"column":4},"end":{"line":69,"column":16}},"34":{"start":{"line":72,"column":17},"end":{"line":75,"column":3}},"35":{"start":{"line":73,"column":4},"end":{"line":73,"column":48}},"36":{"start":{"line":74,"column":4},"end":{"line":74,"column":17}},"37":{"start":{"line":77,"column":22},"end":{"line":77,"column":30}},"38":{"start":{"line":79,"column":19},"end":{"line":83,"column":3}},"39":{"start":{"line":80,"column":4},"end":{"line":82,"column":16}},"40":{"start":{"line":85,"column":18},"end":{"line":92,"column":3}},"41":{"start":{"line":86,"column":4},"end":{"line":91,"column":8}},"42":{"start":{"line":89,"column":8},"end":{"line":89,"column":44}},"43":{"start":{"line":90,"column":8},"end":{"line":90,"column":96}},"44":{"start":{"line":94,"column":21},"end":{"line":102,"column":3}},"45":{"start":{"line":95,"column":4},"end":{"line":100,"column":8}},"46":{"start":{"line":98,"column":8},"end":{"line":98,"column":73}},"47":{"start":{"line":98,"column":35},"end":{"line":98,"column":71}},"48":{"start":{"line":99,"column":8},"end":{"line":99,"column":108}},"49":{"start":{"line":104,"column":22},"end":{"line":106,"column":3}},"50":{"start":{"line":105,"column":4},"end":{"line":105,"column":57}},"51":{"start":{"line":105,"column":38},"end":{"line":105,"column":55}},"52":{"start":{"line":108,"column":21},"end":{"line":118,"column":3}},"53":{"start":{"line":109,"column":4},"end":{"line":116,"column":5}},"54":{"start":{"line":110,"column":6},"end":{"line":115,"column":10}},"55":{"start":{"line":113,"column":10},"end":{"line":113,"column":56}},"56":{"start":{"line":113,"column":40},"end":{"line":113,"column":54}},"57":{"start":{"line":114,"column":10},"end":{"line":114,"column":84}},"58":{"start":{"line":120,"column":20},"end":{"line":128,"column":3}},"59":{"start":{"line":121,"column":4},"end":{"line":127,"column":10}},"60":{"start":{"line":130,"column":22},"end":{"line":138,"column":3}},"61":{"start":{"line":131,"column":4},"end":{"line":137,"column":10}},"62":{"start":{"line":135,"column":8},"end":{"line":135,"column":110}},"63":{"start":{"line":140,"column":2},"end":{"line":148,"column":3}}},"fnMap":{"0":{"name":"(anonymous_0)","decl":{"start":{"line":10,"column":12},"end":{"line":10,"column":13}},"loc":{"start":{"line":10,"column":18},"end":{"line":149,"column":1}},"line":10},"1":{"name":"(anonymous_1)","decl":{"start":{"line":16,"column":12},"end":{"line":16,"column":13}},"loc":{"start":{"line":16,"column":22},"end":{"line":18,"column":3}},"line":16},"2":{"name":"(anonymous_2)","decl":{"start":{"line":20,"column":12},"end":{"line":20,"column":13}},"loc":{"start":{"line":20,"column":18},"end":{"line":27,"column":3}},"line":20},"3":{"name":"(anonymous_3)","decl":{"start":{"line":29,"column":19},"end":{"line":29,"column":20}},"loc":{"start":{"line":29,"column":25},"end":{"line":33,"column":3}},"line":29},"4":{"name":"(anonymous_4)","decl":{"start":{"line":30,"column":30},"end":{"line":30,"column":31}},"loc":{"start":{"line":31,"column":6},"end":{"line":31,"column":23}},"line":31},"5":{"name":"(anonymous_5)","decl":{"start":{"line":35,"column":19},"end":{"line":35,"column":20}},"loc":{"start":{"line":35,"column":25},"end":{"line":37,"column":3}},"line":35},"6":{"name":"(anonymous_6)","decl":{"start":{"line":39,"column":29},"end":{"line":39,"column":30}},"loc":{"start":{"line":39,"column":51},"end":{"line":47,"column":3}},"line":39},"7":{"name":"(anonymous_7)","decl":{"start":{"line":44,"column":15},"end":{"line":44,"column":16}},"loc":{"start":{"line":44,"column":21},"end":{"line":46,"column":5}},"line":44},"8":{"name":"(anonymous_8)","decl":{"start":{"line":49,"column":22},"end":{"line":49,"column":23}},"loc":{"start":{"line":49,"column":56},"end":{"line":64,"column":3}},"line":49},"9":{"name":"(anonymous_9)","decl":{"start":{"line":66,"column":20},"end":{"line":66,"column":21}},"loc":{"start":{"line":67,"column":4},"end":{"line":69,"column":16}},"line":67},"10":{"name":"(anonymous_10)","decl":{"start":{"line":72,"column":17},"end":{"line":72,"column":18}},"loc":{"start":{"line":72,"column":23},"end":{"line":75,"column":3}},"line":72},"11":{"name":"(anonymous_11)","decl":{"start":{"line":79,"column":19},"end":{"line":79,"column":20}},"loc":{"start":{"line":80,"column":4},"end":{"line":82,"column":16}},"line":80},"12":{"name":"(anonymous_12)","decl":{"start":{"line":85,"column":18},"end":{"line":85,"column":19}},"loc":{"start":{"line":85,"column":34},"end":{"line":92,"column":3}},"line":85},"13":{"name":"(anonymous_13)","decl":{"start":{"line":88,"column":12},"end":{"line":88,"column":13}},"loc":{"start":{"line":88,"column":28},"end":{"line":91,"column":7}},"line":88},"14":{"name":"(anonymous_14)","decl":{"start":{"line":94,"column":21},"end":{"line":94,"column":22}},"loc":{"start":{"line":94,"column":41},"end":{"line":102,"column":3}},"line":94},"15":{"name":"(anonymous_15)","decl":{"start":{"line":97,"column":12},"end":{"line":97,"column":13}},"loc":{"start":{"line":97,"column":28},"end":{"line":100,"column":7}},"line":97},"16":{"name":"(anonymous_16)","decl":{"start":{"line":98,"column":27},"end":{"line":98,"column":28}},"loc":{"start":{"line":98,"column":35},"end":{"line":98,"column":71}},"line":98},"17":{"name":"(anonymous_17)","decl":{"start":{"line":104,"column":22},"end":{"line":104,"column":23}},"loc":{"start":{"line":104,"column":28},"end":{"line":106,"column":3}},"line":104},"18":{"name":"(anonymous_18)","decl":{"start":{"line":105,"column":28},"end":{"line":105,"column":29}},"loc":{"start":{"line":105,"column":38},"end":{"line":105,"column":55}},"line":105},"19":{"name":"(anonymous_19)","decl":{"start":{"line":108,"column":21},"end":{"line":108,"column":22}},"loc":{"start":{"line":108,"column":44},"end":{"line":118,"column":3}},"line":108},"20":{"name":"(anonymous_20)","decl":{"start":{"line":112,"column":14},"end":{"line":112,"column":15}},"loc":{"start":{"line":112,"column":20},"end":{"line":115,"column":9}},"line":112},"21":{"name":"(anonymous_21)","decl":{"start":{"line":113,"column":32},"end":{"line":113,"column":33}},"loc":{"start":{"line":113,"column":40},"end":{"line":113,"column":54}},"line":113},"22":{"name":"(anonymous_22)","decl":{"start":{"line":120,"column":20},"end":{"line":120,"column":21}},"loc":{"start":{"line":121,"column":4},"end":{"line":127,"column":10}},"line":121},"23":{"name":"(anonymous_23)","decl":{"start":{"line":130,"column":22},"end":{"line":130,"column":23}},"loc":{"start":{"line":131,"column":4},"end":{"line":137,"column":10}},"line":131},"24":{"name":"(anonymous_24)","decl":{"start":{"line":134,"column":17},"end":{"line":134,"column":18}},"loc":{"start":{"line":135,"column":8},"end":{"line":135,"column":110}},"line":135}},"branchMap":{"0":{"loc":{"start":{"line":17,"column":5},"end":{"line":17,"column":23}},"type":"binary-expr","locations":[{"start":{"line":17,"column":5},"end":{"line":17,"column":9}},{"start":{"line":17,"column":13},"end":{"line":17,"column":23}}],"line":17},"1":{"loc":{"start":{"line":22,"column":4},"end":{"line":26,"column":5}},"type":"if","locations":[{"start":{"line":22,"column":4},"end":{"line":26,"column":5}},{"start":{},"end":{}}],"line":22},"2":{"loc":{"start":{"line":98,"column":35},"end":{"line":98,"column":71}},"type":"cond-expr","locations":[{"start":{"line":98,"column":52},"end":{"line":98,"column":56}},{"start":{"line":98,"column":59},"end":{"line":98,"column":71}}],"line":98},"3":{"loc":{"start":{"line":109,"column":4},"end":{"line":116,"column":5}},"type":"if","locations":[{"start":{"line":109,"column":4},"end":{"line":116,"column":5}},{"start":{},"end":{}}],"line":109},"4":{"loc":{"start":{"line":145,"column":7},"end":{"line":145,"column":27}},"type":"binary-expr","locations":[{"start":{"line":145,"column":7},"end":{"line":145,"column":12}},{"start":{"line":145,"column":16},"end":{"line":145,"column":27}}],"line":145},"5":{"loc":{"start":{"line":146,"column":7},"end":{"line":146,"column":26}},"type":"binary-expr","locations":[{"start":{"line":146,"column":7},"end":{"line":146,"column":11}},{"start":{"line":146,"column":15},"end":{"line":146,"column":26}}],"line":146}},"s":{"0":0,"1":0,"2":0,"3":0,"4":0,"5":0,"6":0,"7":0,"8":0,"9":0,"10":0,"11":0,"12":0,"13":0,"14":0,"15":0,"16":0,"17":0,"18":0,"19":0,"20":0,"21":0,"22":0,"23":0,"24":0,"25":0,"26":0,"27":0,"28":0,"29":0,"30":0,"31":0,"32":0,"33":0,"34":0,"35":0,"36":0,"37":0,"38":0,"39":0,"40":0,"41":0,"42":0,"43":0,"44":0,"45":0,"46":0,"47":0,"48":0,"49":0,"50":0,"51":0,"52":0,"53":0,"54":0,"55":0,"56":0,"57":0,"58":0,"59":0,"60":0,"61":0,"62":0,"63":0},"f":{"0":0,"1":0,"2":0,"3":0,"4":0,"5":0,"6":0,"7":0,"8":0,"9":0,"10":0,"11":0,"12":0,"13":0,"14":0,"15":0,"16":0,"17":0,"18":0,"19":0,"20":0,"21":0,"22":0,"23":0,"24":0},"b":{"0":[0,0],"1":[0,0],"2":[0,0],"3":[0,0],"4":[0,0],"5":[0,0]}}
,"C:\\Users\\Ernst\\Documents\\Fullstack Open\\fullstack-open\\part5\\bloglist-frontend\\src\\main.jsx": {"path":"C:\\Users\\Ernst\\Documents\\Fullstack Open\\fullstack-open\\part5\\bloglist-frontend\\src\\main.jsx","statementMap":{"0":{"start":{"line":4,"column":0},"end":{"line":4,"column":68}}},"fnMap":{},"branchMap":{},"s":{"0":0},"f":{},"b":{}}
,"C:\\Users\\Ernst\\Documents\\Fullstack Open\\fullstack-open\\part5\\bloglist-frontend\\src\\components\\Blog.jsx": {"path":"C:\\Users\\Ernst\\Documents\\Fullstack Open\\fullstack-open\\part5\\bloglist-frontend\\src\\components\\Blog.jsx","statementMap":{"0":{"start":{"line":3,"column":13},"end":{"line":78,"column":1}},"1":{"start":{"line":4,"column":38},"end":{"line":4,"column":53}},"2":{"start":{"line":6,"column":20},"end":{"line":12,"column":3}},"3":{"start":{"line":14,"column":19},"end":{"line":18,"column":3}},"4":{"start":{"line":15,"column":4},"end":{"line":17,"column":10}},"5":{"start":{"line":20,"column":25},"end":{"line":22,"column":3}},"6":{"start":{"line":21,"column":4},"end":{"line":21,"column":30}},"7":{"start":{"line":24,"column":18},"end":{"line":28,"column":3}},"8":{"start":{"line":25,"column":4},"end":{"line":27,"column":13}},"9":{"start":{"line":30,"column":21},"end":{"line":39,"column":3}},"10":{"start":{"line":31,"column":4},"end":{"line":31,"column":26}},"11":{"start":{"line":33,"column":4},"end":{"line":38,"column":6}},"12":{"start":{"line":41,"column":23},"end":{"line":43,"column":3}},"13":{"start":{"line":42,"column":4},"end":{"line":42,"column":50}},"14":{"start":{"line":45,"column":23},"end":{"line":49,"column":3}},"15":{"start":{"line":46,"column":4},"end":{"line":46,"column":26}},"16":{"start":{"line":48,"column":4},"end":{"line":48,"column":48}},"17":{"start":{"line":52,"column":23},"end":{"line":70,"column":3}},"18":{"start":{"line":53,"column":4},"end":{"line":69,"column":10}},"19":{"start":{"line":72,"column":2},"end":{"line":77,"column":3}}},"fnMap":{"0":{"name":"(anonymous_0)","decl":{"start":{"line":3,"column":13},"end":{"line":3,"column":14}},"loc":{"start":{"line":3,"column":61},"end":{"line":78,"column":1}},"line":3},"1":{"name":"(anonymous_1)","decl":{"start":{"line":14,"column":19},"end":{"line":14,"column":20}},"loc":{"start":{"line":15,"column":4},"end":{"line":17,"column":10}},"line":15},"2":{"name":"(anonymous_2)","decl":{"start":{"line":20,"column":25},"end":{"line":20,"column":26}},"loc":{"start":{"line":20,"column":31},"end":{"line":22,"column":3}},"line":20},"3":{"name":"(anonymous_3)","decl":{"start":{"line":24,"column":18},"end":{"line":24,"column":19}},"loc":{"start":{"line":25,"column":4},"end":{"line":27,"column":13}},"line":25},"4":{"name":"(anonymous_4)","decl":{"start":{"line":30,"column":21},"end":{"line":30,"column":22}},"loc":{"start":{"line":30,"column":32},"end":{"line":39,"column":3}},"line":30},"5":{"name":"(anonymous_5)","decl":{"start":{"line":41,"column":23},"end":{"line":41,"column":24}},"loc":{"start":{"line":42,"column":4},"end":{"line":42,"column":50}},"line":42},"6":{"name":"(anonymous_6)","decl":{"start":{"line":45,"column":23},"end":{"line":45,"column":24}},"loc":{"start":{"line":45,"column":34},"end":{"line":49,"column":3}},"line":45},"7":{"name":"(anonymous_7)","decl":{"start":{"line":52,"column":23},"end":{"line":52,"column":24}},"loc":{"start":{"line":53,"column":4},"end":{"line":69,"column":10}},"line":53}},"branchMap":{"0":{"loc":{"start":{"line":67,"column":7},"end":{"line":67,"column":47}},"type":"binary-expr","locations":[{"start":{"line":67,"column":7},"end":{"line":67,"column":29}},{"start":{"line":67,"column":33},"end":{"line":67,"column":47}}],"line":67},"1":{"loc":{"start":{"line":74,"column":7},"end":{"line":74,"column":32}},"type":"binary-expr","locations":[{"start":{"line":74,"column":7},"end":{"line":74,"column":18}},{"start":{"line":74,"column":22},"end":{"line":74,"column":32}}],"line":74},"2":{"loc":{"start":{"line":75,"column":7},"end":{"line":75,"column":35}},"type":"binary-expr","locations":[{"start":{"line":75,"column":7},"end":{"line":75,"column":17}},{"start":{"line":75,"column":21},"end":{"line":75,"column":35}}],"line":75}},"s":{"0":1,"1":5,"2":5,"3":5,"4":3,"5":5,"6":2,"7":5,"8":5,"9":5,"10":2,"11":2,"12":5,"13":0,"14":5,"15":0,"16":0,"17":5,"18":2,"19":5},"f":{"0":5,"1":3,"2":2,"3":5,"4":2,"5":0,"6":0,"7":2},"b":{"0":[2,0],"1":[5,3],"2":[5,2]},"_coverageSchema":"1a1c01bbd47fc00a2c39e90264f33305004495a9","hash":"0b7a46304827c36965b6f1ef55dbc13e4f2258b4"}
,"C:\\Users\\Ernst\\Documents\\Fullstack Open\\fullstack-open\\part5\\bloglist-frontend\\src\\components\\BlogForm.jsx": {"path":"C:\\Users\\Ernst\\Documents\\Fullstack Open\\fullstack-open\\part5\\bloglist-frontend\\src\\components\\BlogForm.jsx","statementMap":{"0":{"start":{"line":3,"column":17},"end":{"line":52,"column":1}},"1":{"start":{"line":6,"column":42},"end":{"line":6,"column":54}},"2":{"start":{"line":7,"column":44},"end":{"line":7,"column":56}},"3":{"start":{"line":8,"column":38},"end":{"line":8,"column":50}},"4":{"start":{"line":10,"column":18},"end":{"line":21,"column":3}},"5":{"start":{"line":11,"column":4},"end":{"line":11,"column":26}},"6":{"start":{"line":13,"column":4},"end":{"line":17,"column":6}},"7":{"start":{"line":18,"column":4},"end":{"line":18,"column":23}},"8":{"start":{"line":19,"column":4},"end":{"line":19,"column":24}},"9":{"start":{"line":20,"column":4},"end":{"line":20,"column":21}},"10":{"start":{"line":23,"column":2},"end":{"line":51,"column":3}},"11":{"start":{"line":30,"column":31},"end":{"line":30,"column":66}},"12":{"start":{"line":37,"column":31},"end":{"line":37,"column":67}},"13":{"start":{"line":44,"column":31},"end":{"line":44,"column":64}}},"fnMap":{"0":{"name":"(anonymous_0)","decl":{"start":{"line":3,"column":17},"end":{"line":3,"column":18}},"loc":{"start":{"line":5,"column":6},"end":{"line":52,"column":1}},"line":5},"1":{"name":"(anonymous_1)","decl":{"start":{"line":10,"column":18},"end":{"line":10,"column":19}},"loc":{"start":{"line":10,"column":29},"end":{"line":21,"column":3}},"line":10},"2":{"name":"(anonymous_2)","decl":{"start":{"line":30,"column":22},"end":{"line":30,"column":23}},"loc":{"start":{"line":30,"column":31},"end":{"line":30,"column":66}},"line":30},"3":{"name":"(anonymous_3)","decl":{"start":{"line":37,"column":22},"end":{"line":37,"column":23}},"loc":{"start":{"line":37,"column":31},"end":{"line":37,"column":67}},"line":37},"4":{"name":"(anonymous_4)","decl":{"start":{"line":44,"column":22},"end":{"line":44,"column":23}},"loc":{"start":{"line":44,"column":31},"end":{"line":44,"column":64}},"line":44}},"branchMap":{},"s":{"0":1,"1":75,"2":75,"3":75,"4":75,"5":1,"6":1,"7":1,"8":1,"9":1,"10":75,"11":23,"12":24,"13":26},"f":{"0":75,"1":1,"2":23,"3":24,"4":26},"b":{},"_coverageSchema":"1a1c01bbd47fc00a2c39e90264f33305004495a9","hash":"397e28bfcb91cd45b093b2c264b20e9a74bda431"}
,"C:\\Users\\Ernst\\Documents\\Fullstack Open\\fullstack-open\\part5\\bloglist-frontend\\src\\components\\LoginForm.jsx": {"path":"C:\\Users\\Ernst\\Documents\\Fullstack Open\\fullstack-open\\part5\\bloglist-frontend\\src\\components\\LoginForm.jsx","statementMap":{"0":{"start":{"line":3,"column":18},"end":{"line":45,"column":1}},"1":{"start":{"line":4,"column":34},"end":{"line":4,"column":46}},"2":{"start":{"line":5,"column":34},"end":{"line":5,"column":46}},"3":{"start":{"line":7,"column":23},"end":{"line":17,"column":3}},"4":{"start":{"line":8,"column":4},"end":{"line":8,"column":26}},"5":{"start":{"line":10,"column":4},"end":{"line":13,"column":6}},"6":{"start":{"line":14,"column":4},"end":{"line":14,"column":19}},"7":{"start":{"line":15,"column":4},"end":{"line":15,"column":19}},"8":{"start":{"line":19,"column":2},"end":{"line":44,"column":3}},"9":{"start":{"line":29,"column":31},"end":{"line":29,"column":62}},"10":{"start":{"line":38,"column":31},"end":{"line":38,"column":62}}},"fnMap":{"0":{"name":"(anonymous_0)","decl":{"start":{"line":3,"column":18},"end":{"line":3,"column":19}},"loc":{"start":{"line":3,"column":39},"end":{"line":45,"column":1}},"line":3},"1":{"name":"(anonymous_1)","decl":{"start":{"line":7,"column":23},"end":{"line":7,"column":24}},"loc":{"start":{"line":7,"column":34},"end":{"line":17,"column":3}},"line":7},"2":{"name":"(anonymous_2)","decl":{"start":{"line":29,"column":22},"end":{"line":29,"column":23}},"loc":{"start":{"line":29,"column":31},"end":{"line":29,"column":62}},"line":29},"3":{"name":"(anonymous_3)","decl":{"start":{"line":38,"column":22},"end":{"line":38,"column":23}},"loc":{"start":{"line":38,"column":31},"end":{"line":38,"column":62}},"line":38}},"branchMap":{},"s":{"0":0,"1":0,"2":0,"3":0,"4":0,"5":0,"6":0,"7":0,"8":0,"9":0,"10":0},"f":{"0":0,"1":0,"2":0,"3":0},"b":{}}
,"C:\\Users\\Ernst\\Documents\\Fullstack Open\\fullstack-open\\part5\\bloglist-frontend\\src\\components\\Notification.jsx": {"path":"C:\\Users\\Ernst\\Documents\\Fullstack Open\\fullstack-open\\part5\\bloglist-frontend\\src\\components\\Notification.jsx","statementMap":{"0":{"start":{"line":3,"column":21},"end":{"line":26,"column":1}},"1":{"start":{"line":4,"column":2},"end":{"line":6,"column":3}},"2":{"start":{"line":5,"column":4},"end":{"line":5,"column":15}},"3":{"start":{"line":8,"column":16},"end":{"line":8,"column":41}},"4":{"start":{"line":11,"column":4},"end":{"line":19,"column":5}},"5":{"start":{"line":21,"column":2},"end":{"line":25,"column":3}},"6":{"start":{"line":28,"column":0},"end":{"line":31,"column":1}}},"fnMap":{"0":{"name":"(anonymous_0)","decl":{"start":{"line":3,"column":21},"end":{"line":3,"column":22}},"loc":{"start":{"line":3,"column":47},"end":{"line":26,"column":1}},"line":3}},"branchMap":{"0":{"loc":{"start":{"line":4,"column":2},"end":{"line":6,"column":3}},"type":"if","locations":[{"start":{"line":4,"column":2},"end":{"line":6,"column":3}},{"start":{},"end":{}}],"line":4},"1":{"loc":{"start":{"line":8,"column":16},"end":{"line":8,"column":41}},"type":"cond-expr","locations":[{"start":{"line":8,"column":26},"end":{"line":8,"column":33}},{"start":{"line":8,"column":36},"end":{"line":8,"column":41}}],"line":8},"2":{"loc":{"start":{"line":22,"column":17},"end":{"line":22,"column":51}},"type":"cond-expr","locations":[{"start":{"line":22,"column":27},"end":{"line":22,"column":44}},{"start":{"line":22,"column":47},"end":{"line":22,"column":51}}],"line":22}},"s":{"0":0,"1":0,"2":0,"3":0,"4":0,"5":0,"6":0},"f":{"0":0},"b":{"0":[0,0],"1":[0,0],"2":[0,0]}}
,"C:\\Users\\Ernst\\Documents\\Fullstack Open\\fullstack-open\\part5\\bloglist-frontend\\src\\components\\Togglable.jsx": {"path":"C:\\Users\\Ernst\\Documents\\Fullstack Open\\fullstack-open\\part5\\bloglist-frontend\\src\\components\\Togglable.jsx","statementMap":{"0":{"start":{"line":3,"column":18},"end":{"line":30,"column":2}},"1":{"start":{"line":4,"column":32},"end":{"line":4,"column":47}},"2":{"start":{"line":6,"column":26},"end":{"line":6,"column":60}},"3":{"start":{"line":7,"column":26},"end":{"line":7,"column":60}},"4":{"start":{"line":9,"column":27},"end":{"line":11,"column":3}},"5":{"start":{"line":10,"column":4},"end":{"line":10,"column":24}},"6":{"start":{"line":13,"column":2},"end":{"line":17,"column":4}},"7":{"start":{"line":14,"column":4},"end":{"line":16,"column":5}},"8":{"start":{"line":19,"column":2},"end":{"line":29,"column":3}},"9":{"start":{"line":32,"column":0},"end":{"line":32,"column":35}}},"fnMap":{"0":{"name":"(anonymous_0)","decl":{"start":{"line":3,"column":29},"end":{"line":3,"column":30}},"loc":{"start":{"line":3,"column":46},"end":{"line":30,"column":1}},"line":3},"1":{"name":"(anonymous_1)","decl":{"start":{"line":9,"column":27},"end":{"line":9,"column":28}},"loc":{"start":{"line":9,"column":33},"end":{"line":11,"column":3}},"line":9},"2":{"name":"(anonymous_2)","decl":{"start":{"line":13,"column":28},"end":{"line":13,"column":29}},"loc":{"start":{"line":13,"column":34},"end":{"line":17,"column":3}},"line":13}},"branchMap":{"0":{"loc":{"start":{"line":6,"column":37},"end":{"line":6,"column":58}},"type":"cond-expr","locations":[{"start":{"line":6,"column":47},"end":{"line":6,"column":53}},{"start":{"line":6,"column":56},"end":{"line":6,"column":58}}],"line":6},"1":{"loc":{"start":{"line":7,"column":37},"end":{"line":7,"column":58}},"type":"cond-expr","locations":[{"start":{"line":7,"column":47},"end":{"line":7,"column":49}},{"start":{"line":7,"column":52},"end":{"line":7,"column":58}}],"line":7}},"s":{"0":0,"1":0,"2":0,"3":0,"4":0,"5":0,"6":0,"7":0,"8":0,"9":0},"f":{"0":0,"1":0,"2":0},"b":{"0":[0,0],"1":[0,0]}}
,"C:\\Users\\Ernst\\Documents\\Fullstack Open\\fullstack-open\\part5\\bloglist-frontend\\src\\services\\blogs.js": {"path":"C:\\Users\\Ernst\\Documents\\Fullstack Open\\fullstack-open\\part5\\bloglist-frontend\\src\\services\\blogs.js","statementMap":{"0":{"start":{"line":3,"column":16},"end":{"line":3,"column":28}},"1":{"start":{"line":5,"column":12},"end":{"line":5,"column":16}},"2":{"start":{"line":7,"column":17},"end":{"line":9,"column":1}},"3":{"start":{"line":8,"column":2},"end":{"line":8,"column":30}},"4":{"start":{"line":11,"column":17},"end":{"line":14,"column":1}},"5":{"start":{"line":12,"column":18},"end":{"line":12,"column":37}},"6":{"start":{"line":13,"column":2},"end":{"line":13,"column":23}},"7":{"start":{"line":16,"column":15},"end":{"line":22,"column":1}},"8":{"start":{"line":17,"column":17},"end":{"line":19,"column":3}},"9":{"start":{"line":20,"column":18},"end":{"line":20,"column":44}},"10":{"start":{"line":21,"column":2},"end":{"line":21,"column":48}},"11":{"start":{"line":21,"column":34},"end":{"line":21,"column":47}},"12":{"start":{"line":24,"column":15},"end":{"line":30,"column":1}},"13":{"start":{"line":25,"column":17},"end":{"line":27,"column":3}},"14":{"start":{"line":28,"column":19},"end":{"line":28,"column":63}},"15":{"start":{"line":29,"column":2},"end":{"line":29,"column":22}},"16":{"start":{"line":32,"column":15},"end":{"line":38,"column":1}},"17":{"start":{"line":33,"column":17},"end":{"line":35,"column":3}},"18":{"start":{"line":36,"column":18},"end":{"line":36,"column":66}},"19":{"start":{"line":37,"column":2},"end":{"line":37,"column":48}},"20":{"start":{"line":37,"column":34},"end":{"line":37,"column":47}},"21":{"start":{"line":40,"column":19},"end":{"line":46,"column":1}},"22":{"start":{"line":41,"column":17},"end":{"line":43,"column":3}},"23":{"start":{"line":44,"column":18},"end":{"line":44,"column":58}},"24":{"start":{"line":45,"column":2},"end":{"line":45,"column":48}},"25":{"start":{"line":45,"column":34},"end":{"line":45,"column":47}}},"fnMap":{"0":{"name":"(anonymous_0)","decl":{"start":{"line":7,"column":17},"end":{"line":7,"column":18}},"loc":{"start":{"line":7,"column":29},"end":{"line":9,"column":1}},"line":7},"1":{"name":"(anonymous_1)","decl":{"start":{"line":11,"column":17},"end":{"line":11,"column":18}},"loc":{"start":{"line":11,"column":23},"end":{"line":14,"column":1}},"line":11},"2":{"name":"(anonymous_2)","decl":{"start":{"line":16,"column":15},"end":{"line":16,"column":16}},"loc":{"start":{"line":16,"column":21},"end":{"line":22,"column":1}},"line":16},"3":{"name":"(anonymous_3)","decl":{"start":{"line":21,"column":22},"end":{"line":21,"column":23}},"loc":{"start":{"line":21,"column":34},"end":{"line":21,"column":47}},"line":21},"4":{"name":"(anonymous_4)","decl":{"start":{"line":24,"column":15},"end":{"line":24,"column":16}},"loc":{"start":{"line":24,"column":34},"end":{"line":30,"column":1}},"line":24},"5":{"name":"(anonymous_5)","decl":{"start":{"line":32,"column":15},"end":{"line":32,"column":16}},"loc":{"start":{"line":32,"column":34},"end":{"line":38,"column":1}},"line":32},"6":{"name":"(anonymous_6)","decl":{"start":{"line":37,"column":22},"end":{"line":37,"column":23}},"loc":{"start":{"line":37,"column":34},"end":{"line":37,"column":47}},"line":37},"7":{"name":"(anonymous_7)","decl":{"start":{"line":40,"column":19},"end":{"line":40,"column":20}},"loc":{"start":{"line":40,"column":27},"end":{"line":46,"column":1}},"line":40},"8":{"name":"(anonymous_8)","decl":{"start":{"line":45,"column":22},"end":{"line":45,"column":23}},"loc":{"start":{"line":45,"column":34},"end":{"line":45,"column":47}},"line":45}},"branchMap":{},"s":{"0":0,"1":0,"2":0,"3":0,"4":0,"5":0,"6":0,"7":0,"8":0,"9":0,"10":0,"11":0,"12":0,"13":0,"14":0,"15":0,"16":0,"17":0,"18":0,"19":0,"20":0,"21":0,"22":0,"23":0,"24":0,"25":0},"f":{"0":0,"1":0,"2":0,"3":0,"4":0,"5":0,"6":0,"7":0,"8":0},"b":{}}
,"C:\\Users\\Ernst\\Documents\\Fullstack Open\\fullstack-open\\part5\\bloglist-frontend\\src\\services\\login.js": {"path":"C:\\Users\\Ernst\\Documents\\Fullstack Open\\fullstack-open\\part5\\bloglist-frontend\\src\\services\\login.js","statementMap":{"0":{"start":{"line":2,"column":16},"end":{"line":2,"column":28}},"1":{"start":{"line":4,"column":14},"end":{"line":7,"column":1}},"2":{"start":{"line":5,"column":19},"end":{"line":5,"column":57}},"3":{"start":{"line":6,"column":2},"end":{"line":6,"column":22}}},"fnMap":{"0":{"name":"(anonymous_0)","decl":{"start":{"line":4,"column":14},"end":{"line":4,"column":15}},"loc":{"start":{"line":4,"column":35},"end":{"line":7,"column":1}},"line":4}},"branchMap":{},"s":{"0":0,"1":0,"2":0,"3":0},"f":{"0":0},"b":{}}
}
